<?xml version="1.0" encoding="UTF-8"?>
<testsuite xmlns:xsi="http://www.w3.org/2001/XMLSchema-instance" xsi:noNamespaceSchemaLocation="https://maven.apache.org/surefire/maven-surefire-plugin/xsd/surefire-test-report-3.0.xsd" version="3.0" name="co.edu.uptc.simuladorautomatas.logic.AutomataEvaluatorTest" time="0.206" tests="6" errors="0" skipped="0" failures="0">
  <properties>
[...]
</properties>
  <testcase name="nfaBasicoFuncionaConTraza" classname="co.edu.uptc.simuladorautomatas.logic.AutomataEvaluatorTest" time="0.035"/>
  <testcase name="dfaParCerosAceptaYRechaza" classname="co.edu.uptc.simuladorautomatas.logic.AutomataEvaluatorTest" time="0.048"/>
  <testcase name="persistenciaJsonMantieneTransicionEpsilon" classname="co.edu.uptc.simuladorautomatas.logic.AutomataEvaluatorTest" time="0.063"/>
  <testcase name="evaluacionLoteLimitaADiez" classname="co.edu.uptc.simuladorautomatas.logic.AutomataEvaluatorTest" time="0.0"/>
  <testcase name="nfaConTransicionEpsilonEvaluaCierreYdFARechazaEpsilon" classname="co.edu.uptc.simuladorautomatas.logic.AutomataEvaluatorTest" time="0.0"/>
  <testcase name="palabraVaciaSePuedeIngresarComoEpsilonOLambda" classname="co.edu.uptc.simuladorautomatas.logic.AutomataEvaluatorTest" time="0.0"/>
</testsuite>